<?xml version="1.0" encoding="UTF-8"?>
<!-- Generated by org.testng.reporters.JUnitXMLReporter -->
<testsuite ignored="3" hostname="Deesha" failures="0" tests="1" name="Default test" time="2.904" errors="0" timestamp="2024-10-16T16:47:53 BST">
  <testcase classname="api.tests.UserTests" name="postUserTest" time="2.615"/>
  <testcase classname="api.tests.UserTests" name="deleteUserTest" time="0.0">
    <ignored/>
  </testcase> <!-- deleteUserTest -->
  <testcase classname="api.tests.UserTests" name="updateUserDetailsTest" time="0.0">
    <ignored/>
  </testcase> <!-- updateUserDetailsTest -->
  <testcase classname="api.tests.UserTests" name="getUserDetailsTest" time="0.0">
    <ignored/>
  </testcase> <!-- getUserDetailsTest -->
</testsuite> <!-- Default test -->
