<?xml version="1.0" encoding="UTF-8"?>
<!-- Generated by org.testng.reporters.JUnitXMLReporter -->
<testsuite ignored="0" hostname="Deesha" failures="0" tests="4" name="PetStoreTest" time="7.303" errors="0" timestamp="2024-10-18T14:25:38 BST">
  <testcase classname="api.tests.UserTests" name="postUserTest" time="3.515"/>
  <testcase classname="api.tests.UserTests" name="getUserDetailsTest" time="0.824"/>
  <testcase classname="api.tests.UserTests" name="updateUserDetailsTest" time="1.122"/>
  <testcase classname="api.tests.UserTests" name="deleteUserTest" time="0.602"/>
</testsuite> <!-- PetStoreTest -->
