<?xml version="1.0" encoding="UTF-8"?>
<!-- Generated by org.testng.reporters.JUnitXMLReporter -->
<testsuite ignored="0" hostname="Deesha" failures="0" tests="4" name="PetStoreTest" time="5.498" errors="0" timestamp="2024-10-16T17:37:08 BST">
  <testcase classname="api.tests.UserTests" name="postUserTest" time="2.424"/>
  <testcase classname="api.tests.UserTests" name="getUserDetailsTest" time="0.538"/>
  <testcase classname="api.tests.UserTests" name="updateUserDetailsTest" time="1.037"/>
  <testcase classname="api.tests.UserTests" name="deleteUserTest" time="0.534"/>
</testsuite> <!-- PetStoreTest -->
