<?xml version="1.0" encoding="UTF-8"?>
<testng-results ignored="0" total="4" passed="4" failed="0" skipped="0">
  <reporter-output>
  </reporter-output>
  <suite started-at="2024-10-18T14:25:30 BST" name="RestAssuredTestSuite" finished-at="2024-10-18T14:25:37 BST" duration-ms="7303">
    <groups>
    </groups>
    <test started-at="2024-10-18T14:25:30 BST" name="PetStoreTest" finished-at="2024-10-18T14:25:37 BST" duration-ms="7303">
      <class name="api.tests.UserTests">
        <test-method is-config="true" signature="setUp()[pri:0, instance:api.tests.UserTests@158da8e]" started-at="2024-10-18T14:25:30 BST" name="setUp" finished-at="2024-10-18T14:25:31 BST" duration-ms="784" status="PASS">
          <reporter-output>
          </reporter-output>
        </test-method> <!-- setUp -->
        <test-method signature="postUserTest()[pri:1, instance:api.tests.UserTests@158da8e]" started-at="2024-10-18T14:25:31 BST" name="postUserTest" finished-at="2024-10-18T14:25:35 BST" duration-ms="3515" status="PASS">
          <reporter-output>
          </reporter-output>
        </test-method> <!-- postUserTest -->
        <test-method signature="getUserDetailsTest()[pri:2, instance:api.tests.UserTests@158da8e]" started-at="2024-10-18T14:25:35 BST" name="getUserDetailsTest" finished-at="2024-10-18T14:25:36 BST" duration-ms="824" status="PASS">
          <reporter-output>
          </reporter-output>
        </test-method> <!-- getUserDetailsTest -->
        <test-method signature="updateUserDetailsTest()[pri:3, instance:api.tests.UserTests@158da8e]" started-at="2024-10-18T14:25:36 BST" name="updateUserDetailsTest" finished-at="2024-10-18T14:25:37 BST" duration-ms="1122" status="PASS">
          <reporter-output>
          </reporter-output>
        </test-method> <!-- updateUserDetailsTest -->
        <test-method signature="deleteUserTest()[pri:4, instance:api.tests.UserTests@158da8e]" started-at="2024-10-18T14:25:37 BST" name="deleteUserTest" finished-at="2024-10-18T14:25:37 BST" duration-ms="602" status="PASS">
          <reporter-output>
          </reporter-output>
        </test-method> <!-- deleteUserTest -->
      </class> <!-- api.tests.UserTests -->
    </test> <!-- PetStoreTest -->
  </suite> <!-- RestAssuredTestSuite -->
</testng-results>
