<?xml version="1.0" encoding="UTF-8"?>
<testsuite xmlns:xsi="http://www.w3.org/2001/XMLSchema-instance" xsi:noNamespaceSchemaLocation="https://maven.apache.org/surefire/maven-surefire-plugin/xsd/surefire-test-report.xsd" version="3.0.2" name="TestSuite" time="8.833" tests="4" errors="0" skipped="0" failures="0">
  <properties>
[...]
</properties>
  <testcase name="postUserTest" classname="api.tests.UserTests" time="3.53">
    <system-out><![CDATA[HTTP/1.1 200 OK
Date: Fri, 18 Oct 2024 13:25:32 GMT
Content-Type: application/json
Transfer-Encoding: chunked
Connection: keep-alive
Access-Control-Allow-Origin: *
Access-Control-Allow-Methods: GET, POST, DELETE, PUT
Access-Control-Allow-Headers: Content-Type, api_key, Authorization
Server: Jetty(9.2.9.v20150224)

{
    "code": 200,
    "type": "unknown",
    "message": "129498568"
}
]]></system-out>
    <system-err><![CDATA[SLF4J: Failed to load class "org.slf4j.impl.StaticLoggerBinder".
SLF4J: Defaulting to no-operation (NOP) logger implementation
SLF4J: See http://www.slf4j.org/codes.html#StaticLoggerBinder for further details.
]]></system-err>
  </testcase>
  <testcase name="getUserDetailsTest" classname="api.tests.UserTests" time="0.841">
    <system-out><![CDATA[HTTP/1.1 200 OK
Date: Fri, 18 Oct 2024 13:25:33 GMT
Content-Type: application/json
Transfer-Encoding: chunked
Connection: keep-alive
Access-Control-Allow-Origin: *
Access-Control-Allow-Methods: GET, POST, DELETE, PUT
Access-Control-Allow-Headers: Content-Type, api_key, Authorization
Server: Jetty(9.2.9.v20150224)

{
    "id": 129498568,
    "username": "lakiesha.oberbrunner",
    "firstName": "Jenee",
    "lastName": "Kozey",
    "email": "ervin.jacobs@yahoo.com",
    "password": "31xkx9f668myh8",
    "phone": "656-994-8349",
    "userStatus": 0
}
]]></system-out>
  </testcase>
  <testcase name="updateUserDetailsTest" classname="api.tests.UserTests" time="1.135">
    <system-out><![CDATA[HTTP/1.1 200 OK
Date: Fri, 18 Oct 2024 13:25:34 GMT
Content-Type: application/json
Transfer-Encoding: chunked
Connection: keep-alive
Access-Control-Allow-Origin: *
Access-Control-Allow-Methods: GET, POST, DELETE, PUT
Access-Control-Allow-Headers: Content-Type, api_key, Authorization
Server: Jetty(9.2.9.v20150224)

{
    "code": 200,
    "type": "unknown",
    "message": "129498568"
}
{
    "id": 129498568,
    "username": "lakiesha.oberbrunner",
    "firstName": "Ginger",
    "lastName": "Friesen",
    "email": "ervin.jacobs@yahoo.com",
    "password": "31xkx9f668myh8",
    "phone": "656-994-8349",
    "userStatus": 0
}
]]></system-out>
  </testcase>
  <testcase name="deleteUserTest" classname="api.tests.UserTests" time="0.582">
    <system-out><![CDATA[{
    "code": 200,
    "type": "unknown",
    "message": "lakiesha.oberbrunner"
}
]]></system-out>
  </testcase>
</testsuite>