<?xml version="1.0" encoding="UTF-8"?>
<testng-results ignored="0" total="4" passed="4" failed="0" skipped="0">
  <reporter-output>
  </reporter-output>
  <suite started-at="2024-10-16T17:37:02 BST" name="RestAssuredTestSuite" finished-at="2024-10-16T17:37:08 BST" duration-ms="5498">
    <groups>
    </groups>
    <test started-at="2024-10-16T17:37:02 BST" name="PetStoreTest" finished-at="2024-10-16T17:37:08 BST" duration-ms="5498">
      <class name="api.tests.UserTests">
        <test-method is-config="true" signature="setUp()[pri:0, instance:api.tests.UserTests@72035809]" started-at="2024-10-16T17:37:02 BST" name="setUp" finished-at="2024-10-16T17:37:03 BST" duration-ms="634" status="PASS">
          <reporter-output>
          </reporter-output>
        </test-method> <!-- setUp -->
        <test-method signature="postUserTest()[pri:1, instance:api.tests.UserTests@72035809]" started-at="2024-10-16T17:37:03 BST" name="postUserTest" finished-at="2024-10-16T17:37:05 BST" duration-ms="2424" status="PASS">
          <reporter-output>
          </reporter-output>
        </test-method> <!-- postUserTest -->
        <test-method signature="getUserDetailsTest()[pri:2, instance:api.tests.UserTests@72035809]" started-at="2024-10-16T17:37:05 BST" name="getUserDetailsTest" finished-at="2024-10-16T17:37:06 BST" duration-ms="538" status="PASS">
          <reporter-output>
          </reporter-output>
        </test-method> <!-- getUserDetailsTest -->
        <test-method signature="updateUserDetailsTest()[pri:3, instance:api.tests.UserTests@72035809]" started-at="2024-10-16T17:37:06 BST" name="updateUserDetailsTest" finished-at="2024-10-16T17:37:07 BST" duration-ms="1037" status="PASS">
          <reporter-output>
          </reporter-output>
        </test-method> <!-- updateUserDetailsTest -->
        <test-method signature="deleteUserTest()[pri:4, instance:api.tests.UserTests@72035809]" started-at="2024-10-16T17:37:07 BST" name="deleteUserTest" finished-at="2024-10-16T17:37:08 BST" duration-ms="534" status="PASS">
          <reporter-output>
          </reporter-output>
        </test-method> <!-- deleteUserTest -->
      </class> <!-- api.tests.UserTests -->
    </test> <!-- PetStoreTest -->
  </suite> <!-- RestAssuredTestSuite -->
</testng-results>
